<?xml version="1.0" encoding="UTF-8"?>
<!-- Generated by org.testng.reporters.JUnitReportReporter -->
<testsuite hostname="Raj" name="com.Novartis.Calculator" tests="1" failures="0" timestamp="23 Apr 2021 13:57:48 GMT" time="18.473" errors="0">
  <testcase name="mortgageloan" time="18.473" classname="com.Novartis.Calculator"/>
</testsuite> <!-- com.Novartis.Calculator -->
